<?xml version="1.0" encoding="UTF-8"?>
<!-- Generated by org.testng.reporters.JUnitXMLReporter -->
<testsuite hostname="DESKTOP-PV3BTGR" ignored="0" name="Naukri Chrome" tests="8" failures="0" timestamp="2020-04-02T00:06:07 IST" time="50.826" errors="0">
  <testcase name="@BeforeClass invokeBrower" time="19.292" classname="com.naukri.qa.testcases.HomePageTest">
    <failure type="org.openqa.selenium.NoSuchSessionException" message="invalid session id
Build info: version: &amp;apos;4.0.0-alpha-4&amp;apos;, revision: &amp;apos;c2d955b49e&amp;apos;
System info: host: &amp;apos;DESKTOP-PV3BTGR&amp;apos;, ip: &amp;apos;192.168.0.104&amp;apos;, os.name: &amp;apos;Windows 10&amp;apos;, os.arch: &amp;apos;amd64&amp;apos;, os.version: &amp;apos;10.0&amp;apos;, java.version: &amp;apos;1.8.0_221&amp;apos;
Driver info: org.openqa.selenium.chrome.ChromeDriver
Capabilities {acceptInsecureCerts: false, browserName: chrome, browserVersion: 80.0.3987.149, chrome: {chromedriverVersion: 79.0.3945.36 (3582db32b3389..., userDataDir: C:\Users\ABHIS~1\AppData\Lo...}, goog:chromeOptions: {debuggerAddress: localhost:49449}, javascriptEnabled: true, networkConnectionEnabled: false, pageLoadStrategy: normal, platform: WINDOWS, platformName: WINDOWS, proxy: Proxy(), setWindowRect: true, strictFileInteractability: false, timeouts: {implicit: 0, pageLoad: 300000, script: 30000}, unhandledPromptBehavior: dismiss and notify}
Session ID: 24c8348c252b5ea5a84da7fc77422044">
      <![CDATA[org.openqa.selenium.NoSuchSessionException: invalid session id
Build info: version: '4.0.0-alpha-4', revision: 'c2d955b49e'
System info: host: 'DESKTOP-PV3BTGR', ip: '192.168.0.104', os.name: 'Windows 10', os.arch: 'amd64', os.version: '10.0', java.version: '1.8.0_221'
Driver info: org.openqa.selenium.chrome.ChromeDriver
Capabilities {acceptInsecureCerts: false, browserName: chrome, browserVersion: 80.0.3987.149, chrome: {chromedriverVersion: 79.0.3945.36 (3582db32b3389..., userDataDir: C:\Users\ABHIS~1\AppData\Lo...}, goog:chromeOptions: {debuggerAddress: localhost:49449}, javascriptEnabled: true, networkConnectionEnabled: false, pageLoadStrategy: normal, platform: WINDOWS, platformName: WINDOWS, proxy: Proxy(), setWindowRect: true, strictFileInteractability: false, timeouts: {implicit: 0, pageLoad: 300000, script: 30000}, unhandledPromptBehavior: dismiss and notify}
Session ID: 24c8348c252b5ea5a84da7fc77422044
at sun.reflect.NativeConstructorAccessorImpl.newInstance0(Native Method)
at sun.reflect.NativeConstructorAccessorImpl.newInstance(Unknown Source)
at sun.reflect.DelegatingConstructorAccessorImpl.newInstance(Unknown Source)
at java.lang.reflect.Constructor.newInstance(Unknown Source)
at org.openqa.selenium.remote.codec.w3c.W3CHttpResponseCodec.createException(W3CHttpResponseCodec.java:196)
at org.openqa.selenium.remote.codec.w3c.W3CHttpResponseCodec.decode(W3CHttpResponseCodec.java:129)
at org.openqa.selenium.remote.codec.w3c.W3CHttpResponseCodec.decode(W3CHttpResponseCodec.java:53)
at org.openqa.selenium.remote.HttpCommandExecutor.execute(HttpCommandExecutor.java:161)
at org.openqa.selenium.remote.service.DriverCommandExecutor.execute(DriverCommandExecutor.java:83)
at org.openqa.selenium.remote.RemoteWebDriver.execute(RemoteWebDriver.java:582)
at org.openqa.selenium.remote.RemoteWebDriver.executeScript(RemoteWebDriver.java:517)
at com.naukri.qa.base.TestBase.highLighElememnt1(TestBase.java:86)
at com.naukri.qa.pages.LoginPage.loginFunc(LoginPage.java:38)
at com.naukri.qa.testcases.HomePageTest.invokeBrower(HomePageTest.java:27)
at sun.reflect.NativeMethodAccessorImpl.invoke0(Native Method)
at sun.reflect.NativeMethodAccessorImpl.invoke(Unknown Source)
at sun.reflect.DelegatingMethodAccessorImpl.invoke(Unknown Source)
at java.lang.reflect.Method.invoke(Unknown Source)
at org.testng.internal.MethodInvocationHelper.invokeMethod(MethodInvocationHelper.java:133)
at org.testng.internal.MethodInvocationHelper.invokeMethodConsideringTimeout(MethodInvocationHelper.java:62)
at org.testng.internal.ConfigInvoker.invokeConfigurationMethod(ConfigInvoker.java:340)
at org.testng.internal.ConfigInvoker.invokeConfigurations(ConfigInvoker.java:294)
at org.testng.internal.TestMethodWorker.invokeBeforeClassMethods(TestMethodWorker.java:176)
at org.testng.internal.TestMethodWorker.run(TestMethodWorker.java:122)
at java.util.ArrayList.forEach(Unknown Source)
at org.testng.TestRunner.privateRun(TestRunner.java:770)
at org.testng.TestRunner.run(TestRunner.java:591)
at org.testng.SuiteRunner.runTest(SuiteRunner.java:402)
at org.testng.SuiteRunner.access$000(SuiteRunner.java:41)
at org.testng.SuiteRunner$SuiteWorker.run(SuiteRunner.java:443)
at org.testng.internal.thread.ThreadUtil.lambda$execute$0(ThreadUtil.java:67)
at java.util.concurrent.FutureTask.run(Unknown Source)
at java.util.concurrent.ThreadPoolExecutor.runWorker(Unknown Source)
at java.util.concurrent.ThreadPoolExecutor$Worker.run(Unknown Source)
at java.lang.Thread.run(Unknown Source)
]]>
    </failure>
  </testcase> <!-- @BeforeClass invokeBrower -->
  <testcase name="@AfterClass closeDown" time="-1.58576613586E9" classname="com.naukri.qa.testcases.HomePageTest">
    <skipped/>
  </testcase> <!-- @AfterClass closeDown -->
  <testcase name="testLoginPageTitleTest" time="1.935" classname="com.naukri.qa.testcases.LoginPageTest"/>
  <testcase name="homePagetitleTest" time="0.0" classname="com.naukri.qa.testcases.HomePageTest">
    <skipped/>
  </testcase> <!-- homePagetitleTest -->
  <testcase name="testuserId" time="0.0" classname="com.naukri.qa.testcases.HomePageTest">
    <skipped/>
  </testcase> <!-- testuserId -->
  <testcase name="testUserLocation" time="0.0" classname="com.naukri.qa.testcases.HomePageTest">
    <skipped/>
  </testcase> <!-- testUserLocation -->
  <testcase name="d" time="0.0" classname="com.naukri.qa.testcases.HomePageTest">
    <skipped/>
  </testcase> <!-- d -->
  <testcase name="testUserMailId" time="0.0" classname="com.naukri.qa.testcases.HomePageTest">
    <skipped/>
  </testcase> <!-- testUserMailId -->
  <testcase name="testMonsterImage" time="0.114" classname="com.naukri.qa.testcases.LoginPageTest"/>
  <testcase name="testLoginFunctionality" time="2.318" classname="com.naukri.qa.testcases.LoginPageTest"/>
</testsuite> <!-- Naukri Chrome -->
